#
# There is insufficient memory for the Java Runtime Environment to continue.
# Native memory allocation (mmap) failed to map 268435456 bytes for G1 virtual space
# Possible reasons:
#   The system is out of physical RAM or swap space
#   The process is running with CompressedOops enabled, and the Java Heap may be blocking the growth of the native heap
# Possible solutions:
#   Reduce memory load on the system
#   Increase physical memory or swap space
#   Check if swap backing store is full
#   Decrease Java heap size (-Xmx/-Xms)
#   Decrease number of Java threads
#   Decrease Java thread stack sizes (-Xss)
#   Set larger code cache with -XX:ReservedCodeCacheSize=
#   JVM is running with Zero Based Compressed Oops mode in which the Java heap is
#     placed in the first 32GB address space. The Java Heap base address is the
#     maximum limit for the native heap growth. Please use -XX:HeapBaseMinAddress
#     to set the Java Heap base and to place the Java Heap above 32GB virtual address.
# This output file may be truncated or incomplete.
#
#  Out of Memory Error (os_windows.cpp:3769), pid=12904, tid=14116
#
# JRE version:  (17.0.6+10) (build )
# Java VM: OpenJDK 64-Bit Server VM (17.0.6+10-b829.9, mixed mode, sharing, tiered, compressed oops, compressed class ptrs, g1 gc, windows-amd64)
# No core dump will be written. Minidumps are not enabled by default on client versions of Windows
#

---------------  S U M M A R Y ------------

Command Line: git4idea.http.GitAskPassApp Username for 'https://github.com': 

Host: AMD Ryzen 5 3600 6-Core Processor              , 12 cores, 15G,  Windows 10 , 64 bit Build 19041 (10.0.19041.5438)
Time: Sat Feb 15 11:58:29 2025 Pacific Standard Time elapsed time: 0.007311 seconds (0d 0h 0m 0s)

---------------  T H R E A D  ---------------

Current thread (0x000002322dcd59a0):  JavaThread "Unknown thread" [_thread_in_vm, id=14116, stack(0x000000d975e00000,0x000000d975f00000)]

Stack: [0x000000d975e00000,0x000000d975f00000]
Native frames: (J=compiled Java code, j=interpreted, Vv=VM code, C=native code)
V  [jvm.dll+0x683c5a]
V  [jvm.dll+0x842764]
V  [jvm.dll+0x843f5e]
V  [jvm.dll+0x8445c3]
V  [jvm.dll+0x249b75]
V  [jvm.dll+0x680b29]
V  [jvm.dll+0x67501a]
V  [jvm.dll+0x309acb]
V  [jvm.dll+0x310f86]
V  [jvm.dll+0x3608ee]
V  [jvm.dll+0x360b1f]
V  [jvm.dll+0x2dfbf8]
V  [jvm.dll+0x2e0b64]
V  [jvm.dll+0x814051]
V  [jvm.dll+0x36e6a1]
V  [jvm.dll+0x7f358c]
V  [jvm.dll+0x3f0e8f]
V  [jvm.dll+0x3f29d1]
C  [jli.dll+0x526b]
C  [ucrtbase.dll+0x21bb2]
C  [KERNEL32.DLL+0x17374]
C  [ntdll.dll+0x4cc91]


---------------  P R O C E S S  ---------------

Threads class SMR info:
_java_thread_list=0x00007ff86933c058, length=0, elements={
}

Java Threads: ( => current thread )

Other Threads:
  0x000002322dd3ff50 GCTaskThread "GC Thread#0" [stack: 0x000000d975f00000,0x000000d976000000] [id=14124]
  0x000002322dd51d70 ConcurrentGCThread "G1 Main Marker" [stack: 0x000000d976000000,0x000000d976100000] [id=19420]
  0x000002322dd52f20 ConcurrentGCThread "G1 Conc#0" [stack: 0x000000d976100000,0x000000d976200000] [id=16584]

[error occurred during error reporting (printing all threads), id 0xc0000005, EXCEPTION_ACCESS_VIOLATION (0xc0000005) at pc=0x00007ff868af0797]

VM state: not at safepoint (not fully initialized)

VM Mutex/Monitor currently owned by a thread:  ([mutex/lock_event])
[0x000002322dcd0280] Heap_lock - owner thread: 0x000002322dcd59a0

Heap address: 0x0000000701200000, size: 4078 MB, Compressed Oops mode: Zero based, Oop shift amount: 3

CDS archive(s) mapped at: [0x0000000000000000-0x0000000000000000-0x0000000000000000), size 0, SharedBaseAddress: 0x0000000800000000, ArchiveRelocationMode: 0.
Narrow klass base: 0x0000000000000000, Narrow klass shift: 0, Narrow klass range: 0x0

GC Precious Log:
<Empty>

Heap:
 garbage-first heap   total 0K, used 0K [0x0000000701200000, 0x0000000800000000)
  region size 2048K, 0 young (0K), 0 survivors (0K)

[error occurred during error reporting (printing heap information), id 0xc0000005, EXCEPTION_ACCESS_VIOLATION (0xc0000005) at pc=0x00007ff868edda49]

GC Heap History (0 events):
No events

Dll operation events (1 events):
Event: 0.005 Loaded shared library C:\Program Files\JetBrains\PyCharm Community Edition 2023.1.2\jbr\bin\java.dll

Deoptimization events (0 events):
No events

Classes unloaded (0 events):
No events

Classes redefined (0 events):
No events

Internal exceptions (0 events):
No events

VM Operations (0 events):
No events

Events (0 events):
No events


Dynamic libraries:
0x00007ff7daf70000 - 0x00007ff7daf7a000 	C:\Program Files\JetBrains\PyCharm Community Edition 2023.1.2\jbr\bin\java.exe
0x00007ff8de5d0000 - 0x00007ff8de7c8000 	C:\Windows\SYSTEM32\ntdll.dll
0x00007ff8de1d0000 - 0x00007ff8de292000 	C:\Windows\System32\KERNEL32.DLL
0x00007ff8dbfe0000 - 0x00007ff8dc2df000 	C:\Windows\System32\KERNELBASE.dll
0x00007ff8dbc70000 - 0x00007ff8dbd70000 	C:\Windows\System32\ucrtbase.dll
0x00007ff8ad260000 - 0x00007ff8ad277000 	C:\Program Files\JetBrains\PyCharm Community Edition 2023.1.2\jbr\bin\jli.dll
0x00007ff8ddf00000 - 0x00007ff8de09d000 	C:\Windows\System32\USER32.dll
0x00007ff8dbfb0000 - 0x00007ff8dbfd2000 	C:\Windows\System32\win32u.dll
0x00007ff8c5f60000 - 0x00007ff8c5f7b000 	C:\Program Files\JetBrains\PyCharm Community Edition 2023.1.2\jbr\bin\VCRUNTIME140.dll
0x00007ff8c75a0000 - 0x00007ff8c783a000 	C:\Windows\WinSxS\amd64_microsoft.windows.common-controls_6595b64144ccf1df_6.0.19041.4355_none_60b8b9eb71f62e16\COMCTL32.dll
0x00007ff8de0a0000 - 0x00007ff8de0cb000 	C:\Windows\System32\GDI32.dll
0x00007ff8dc670000 - 0x00007ff8dc70e000 	C:\Windows\System32\msvcrt.dll
0x00007ff8dc4d0000 - 0x00007ff8dc5ea000 	C:\Windows\System32\gdi32full.dll
0x00007ff8dbd70000 - 0x00007ff8dbe0d000 	C:\Windows\System32\msvcp_win.dll
0x00007ff8dd900000 - 0x00007ff8dd92f000 	C:\Windows\System32\IMM32.DLL
0x00007ff8d92e0000 - 0x00007ff8d92ec000 	C:\Program Files\JetBrains\PyCharm Community Edition 2023.1.2\jbr\bin\vcruntime140_1.dll
0x00007ff8acb70000 - 0x00007ff8acbfd000 	C:\Program Files\JetBrains\PyCharm Community Edition 2023.1.2\jbr\bin\msvcp140.dll
0x00007ff868800000 - 0x00007ff86946e000 	C:\Program Files\JetBrains\PyCharm Community Edition 2023.1.2\jbr\bin\server\jvm.dll
0x00007ff8de4d0000 - 0x00007ff8de57f000 	C:\Windows\System32\ADVAPI32.dll
0x00007ff8de0d0000 - 0x00007ff8de16f000 	C:\Windows\System32\sechost.dll
0x00007ff8dcab0000 - 0x00007ff8dcbd3000 	C:\Windows\System32\RPCRT4.dll
0x00007ff8dbe10000 - 0x00007ff8dbe37000 	C:\Windows\System32\bcrypt.dll
0x00007ff8c94f0000 - 0x00007ff8c94f9000 	C:\Windows\SYSTEM32\WSOCK32.dll
0x00007ff8c9500000 - 0x00007ff8c950a000 	C:\Windows\SYSTEM32\VERSION.dll
0x00007ff8cdc40000 - 0x00007ff8cdc67000 	C:\Windows\SYSTEM32\WINMM.dll
0x00007ff8ddda0000 - 0x00007ff8dde0b000 	C:\Windows\System32\WS2_32.dll
0x00007ff8d9b10000 - 0x00007ff8d9b22000 	C:\Windows\SYSTEM32\kernel.appcore.dll
0x00007ff8d2cc0000 - 0x00007ff8d2cca000 	C:\Program Files\JetBrains\PyCharm Community Edition 2023.1.2\jbr\bin\jimage.dll
0x00007ff8d45f0000 - 0x00007ff8d47d4000 	C:\Windows\SYSTEM32\DBGHELP.DLL
0x00007ff8d3ed0000 - 0x00007ff8d3f04000 	C:\Windows\SYSTEM32\dbgcore.DLL
0x00007ff8dc440000 - 0x00007ff8dc4c2000 	C:\Windows\System32\bcryptPrimitives.dll
0x00007ff8b7f30000 - 0x00007ff8b7f55000 	C:\Program Files\JetBrains\PyCharm Community Edition 2023.1.2\jbr\bin\java.dll

dbghelp: loaded successfully - version: 4.0.5 - missing functions: none
symbol engine: initialized successfully - sym options: 0x614 - pdb path: .;C:\Program Files\JetBrains\PyCharm Community Edition 2023.1.2\jbr\bin;C:\Windows\SYSTEM32;C:\Windows\WinSxS\amd64_microsoft.windows.common-controls_6595b64144ccf1df_6.0.19041.4355_none_60b8b9eb71f62e16;C:\Program Files\JetBrains\PyCharm Community Edition 2023.1.2\jbr\bin\server

VM Arguments:
java_command: git4idea.http.GitAskPassApp Username for 'https://github.com': 
java_class_path (initial): C:/Program Files/JetBrains/PyCharm Community Edition 2023.1.2/plugins/vcs-git/lib/git4idea-rt.jar;C:/Program Files/JetBrains/PyCharm Community Edition 2023.1.2/lib/externalProcess-rt.jar
Launcher Type: SUN_STANDARD

[Global flags]
     intx CICompilerCount                          = 4                                         {product} {ergonomic}
     uint ConcGCThreads                            = 3                                         {product} {ergonomic}
     uint G1ConcRefinementThreads                  = 10                                        {product} {ergonomic}
   size_t G1HeapRegionSize                         = 2097152                                   {product} {ergonomic}
    uintx GCDrainStackTargetSize                   = 64                                        {product} {ergonomic}
   size_t InitialHeapSize                          = 268435456                                 {product} {ergonomic}
   size_t MarkStackSize                            = 4194304                                   {product} {ergonomic}
   size_t MaxHeapSize                              = 4276092928                                {product} {ergonomic}
   size_t MinHeapDeltaBytes                        = 2097152                                   {product} {ergonomic}
   size_t MinHeapSize                              = 8388608                                   {product} {ergonomic}
    uintx NonNMethodCodeHeapSize                   = 5839372                                {pd product} {ergonomic}
    uintx NonProfiledCodeHeapSize                  = 122909434                              {pd product} {ergonomic}
    uintx ProfiledCodeHeapSize                     = 122909434                              {pd product} {ergonomic}
    uintx ReservedCodeCacheSize                    = 251658240                              {pd product} {ergonomic}
     bool SegmentedCodeCache                       = true                                      {product} {ergonomic}
   size_t SoftMaxHeapSize                          = 4276092928                             {manageable} {ergonomic}
     bool UseCompressedClassPointers               = true                           {product lp64_product} {ergonomic}
     bool UseCompressedOops                        = true                           {product lp64_product} {ergonomic}
     bool UseG1GC                                  = true                                      {product} {ergonomic}
     bool UseLargePagesIndividualAllocation        = false                                  {pd product} {ergonomic}

Logging:
Log output configuration:
 #0: stdout all=warning uptime,level,tags
 #1: stderr all=off uptime,level,tags

Environment Variables:
PATH=C:/Program Files/Git/mingw64/libexec/git-core;C:/Program Files/Git/mingw64/libexec/git-core;C:\Program Files\Git\mingw64\bin;C:\Program Files\Git\usr\bin;C:\Users\adamr\bin;C:\Program Files\Common Files\Oracle\Java\javapath;C:\Windows\system32;C:\Windows;C:\Windows\System32\Wbem;C:\Windows\System32\WindowsPowerShell\v1.0\;C:\Windows\System32\OpenSSH\;C:\ProgramData\chocolatey\bin;C:\Program Files\CMake\bin;C:\Program Files\Git\cmd;C:\Users\adamr\AppData\Local\Microsoft\WindowsApps;C:\Users\adamr\AppData\Local\Programs\Microsoft VS Code\bin;C:\msys64\ucrt64\bin;C:MinGW\bin;C:\Users\adamr\AppData\Local\Programs\MiKTeX\miktex\bin\x64\
USERNAME=adamr
DISPLAY=:0.0
LC_ALL=en_US.UTF-8
TERM=xterm-256color
TMPDIR=C:\Users\adamr\AppData\Local\Temp
OS=Windows_NT
PROCESSOR_IDENTIFIER=AMD64 Family 23 Model 113 Stepping 0, AuthenticAMD
TMP=C:\Users\adamr\AppData\Local\Temp
TEMP=C:\Users\adamr\AppData\Local\Temp


JNI global refs:

[error occurred during error reporting (JNI global references), id 0xc0000005, EXCEPTION_ACCESS_VIOLATION (0xc0000005) at pc=0x00007ff8688b7a10]


---------------  S Y S T E M  ---------------

OS:
 Windows 10 , 64 bit Build 19041 (10.0.19041.5438)
OS uptime: 3 days 18:08 hours

CPU: total 12 (initial active 12) (12 cores per cpu, 2 threads per core) family 23 model 113 stepping 0 microcode 0x0, cx8, cmov, fxsr, ht, mmx, 3dnowpref, sse, sse2, sse3, ssse3, sse4a, sse4.1, sse4.2, popcnt, lzcnt, tsc, tscinvbit, avx, avx2, aes, clmul, bmi1, bmi2, adx, sha, fma, vzeroupper, clflush, clflushopt

Memory: 4k page, system-wide physical 16309M (2310M free)
TotalPageFile size 65461M (AvailPageFile size 167M)
current process WorkingSet (physical memory assigned to process): 10M, peak: 10M
current process commit charge ("private bytes"): 64M, peak: 320M

vm_info: OpenJDK 64-Bit Server VM (17.0.6+10-b829.9) for windows-amd64 JRE (17.0.6+10-b829.9), built on 2023-04-09 by "builduser" with MS VC++ 16.10 / 16.11 (VS2019)

END.
